<?xml version="1.0" encoding="UTF-8"?>
<!-- Generated by org.testng.reporters.JUnitXMLReporter -->
<testsuite ignored="0" hostname="SurajDheple" failures="0" tests="5" name="Test" time="21.411" errors="0" timestamp="2023-07-03T11:01:01 IST">
  <testcase classname="Test_Classes1.Retry_Post_TC01" name="extractor" time="10.488"/>
  <testcase classname="Test_Classes1.Put_TC01" name="extractor" time="2.411"/>
  <testcase classname="Test_Classes1.Post_Create_TC01" name="extractor" time="2.874"/>
  <testcase classname="Test_Classes1.Patch_TC01" name="extractor" time="2.86"/>
  <testcase classname="Test_Classes1.Get_TC01" name="extractor" time="2.495"/>
</testsuite> <!-- Test -->
