<?xml version="1.0" encoding="UTF-8"?>
<testng-results ignored="0" total="5" passed="5" failed="0" skipped="0">
  <reporter-output>
  </reporter-output>
  <suite started-at="2023-07-03T11:00:39 IST" name="Suite" finished-at="2023-07-03T11:01:01 IST" duration-ms="21411">
    <groups>
    </groups>
    <test started-at="2023-07-03T11:00:39 IST" name="Test" finished-at="2023-07-03T11:01:01 IST" duration-ms="21411">
      <class name="Test_Classes1.Get_TC01">
        <test-method signature="extractor()[pri:0, instance:Test_Classes1.Get_TC01@6e9a5ed8]" started-at="2023-07-03T11:00:58 IST" name="extractor" finished-at="2023-07-03T11:01:00 IST" duration-ms="2495" status="PASS">
          <reporter-output>
          </reporter-output>
        </test-method> <!-- extractor -->
      </class> <!-- Test_Classes1.Get_TC01 -->
      <class name="Test_Classes1.Patch_TC01">
        <test-method signature="extractor()[pri:0, instance:Test_Classes1.Patch_TC01@268f106e]" started-at="2023-07-03T11:00:55 IST" name="extractor" finished-at="2023-07-03T11:00:58 IST" duration-ms="2860" status="PASS">
          <reporter-output>
          </reporter-output>
        </test-method> <!-- extractor -->
      </class> <!-- Test_Classes1.Patch_TC01 -->
      <class name="Test_Classes1.Retry_Post_TC01">
        <test-method signature="extractor()[pri:0, instance:Test_Classes1.Retry_Post_TC01@57a78e3]" started-at="2023-07-03T11:00:39 IST" name="extractor" finished-at="2023-07-03T11:00:50 IST" duration-ms="10488" status="PASS">
          <reporter-output>
          </reporter-output>
        </test-method> <!-- extractor -->
      </class> <!-- Test_Classes1.Retry_Post_TC01 -->
      <class name="Test_Classes1.Post_Create_TC01">
        <test-method signature="extractor()[pri:0, instance:Test_Classes1.Post_Create_TC01@5b247367]" started-at="2023-07-03T11:00:52 IST" name="extractor" finished-at="2023-07-03T11:00:55 IST" duration-ms="2874" status="PASS">
          <reporter-output>
          </reporter-output>
        </test-method> <!-- extractor -->
      </class> <!-- Test_Classes1.Post_Create_TC01 -->
      <class name="Test_Classes1.Put_TC01">
        <test-method signature="extractor()[pri:0, instance:Test_Classes1.Put_TC01@1750fbeb]" started-at="2023-07-03T11:00:50 IST" name="extractor" finished-at="2023-07-03T11:00:52 IST" duration-ms="2411" status="PASS">
          <reporter-output>
          </reporter-output>
        </test-method> <!-- extractor -->
      </class> <!-- Test_Classes1.Put_TC01 -->
    </test> <!-- Test -->
  </suite> <!-- Suite -->
</testng-results>
